Gtk-Message: 09:42:17.461: Failed to load module "canberra-gtk-module"

GTKWave Analyzer v3.3.103 (w)1999-2019 BSI

[0] start time.
[99000000000000] end time.
GTKWAVE | Select a bundle or group.
GTKWAVE | Select a bundle or group.
[0] start time.
[99000000000000] end time.
[0] start time.
[99000000000000] end time.
[0] start time.
[99000000000000] end time.
[0] start time.
[99000000000000] end time.
[0] start time.
[99000000000000] end time.
[0] start time.
[99000000000000] end time.
[0] start time.
[99000000000000] end time.
[0] start time.
[99000000000000] end time.
[0] start time.
[99000000000000] end time.
[0] start time.
[99000000000000] end time.
[0] start time.
[99000000000000] end time.
[0] start time.
[99000000000000] end time.
[0] start time.
[99000000000000] end time.
[0] start time.
[99000000000000] end time.
[0] start time.
[99000000000000] end time.
[0] start time.
[99000000000000] end time.
[0] start time.
[99000000000000] end time.
[0] start time.
[99000000000000] end time.
[0] start time.
[99000000000000] end time.
[0] start time.
[99000000000000] end time.
[0] start time.
[99000000000000] end time.
[0] start time.
[99000000000000] end time.
[0] start time.
[99000000000000] end time.
[0] start time.
[99000000000000] end time.
[0] start time.
[99000000000000] end time.
GTKWAVE | Reloading waveform...
GTKWAVE | ...waveform reloaded
GTKWAVE | Reloading waveform...
GTKWAVE | ...waveform reloaded
GTKWAVE | Reloading waveform...
GTKWAVE | ...waveform reloaded
GTKWAVE | Reloading waveform...
GTKWAVE | ...waveform reloaded
GTKWAVE | Reloading waveform...
GTKWAVE | ...waveform reloaded
GTKWAVE | Reloading waveform...
GTKWAVE | ...waveform reloaded
GTKWAVE | Reloading waveform...
GTKWAVE | ...waveform reloaded
GTKWAVE | Reloading waveform...
GTKWAVE | ...waveform reloaded
GTKWAVE | Reloading waveform...
GTKWAVE | ...waveform reloaded
GTKWAVE | Reloading waveform...
GTKWAVE | ...waveform reloaded
GTKWAVE | Reloading waveform...
GTKWAVE | ...waveform reloaded
GTKWAVE | Reloading waveform...
GTKWAVE | ...waveform reloaded
GTKWAVE | Reloading waveform...
GTKWAVE | ...waveform reloaded
GTKWAVE | Reloading waveform...
GTKWAVE | ...waveform reloaded
GTKWAVE | Reloading waveform...
GTKWAVE | ...waveform reloaded
GTKWAVE | Reloading waveform...
GTKWAVE | ...waveform reloaded
GTKWAVE | Reloading waveform...
GTKWAVE | ...waveform reloaded
GTKWAVE | Reloading waveform...
GTKWAVE | ...waveform reloaded
GTKWAVE | Reloading waveform...
GTKWAVE | ...waveform reloaded
GTKWAVE | Reloading waveform...
GTKWAVE | ...waveform reloaded
GTKWAVE | Reloading waveform...
GTKWAVE | ...waveform reloaded
GTKWAVE | Reloading waveform...
GTKWAVE | ...waveform reloaded
GTKWAVE | Reloading waveform...
GTKWAVE | ...waveform reloaded
GTKWAVE | Reloading waveform...
GTKWAVE | ...waveform reloaded
GTKWAVE | Reloading waveform...
GTKWAVE | ...waveform reloaded
WM Destroy
