Gtk-Message: 17:12:57.807: Failed to load module "canberra-gtk-module"

GTKWave Analyzer v3.3.103 (w)1999-2019 BSI

[0] start time.
[1940000000000000] end time.
Gtk-Message: 17:15:02.525: Failed to load module "canberra-gtk-module"

GTKWave Analyzer v3.3.103 (w)1999-2019 BSI

[0] start time.
[1940000000000000] end time.
WM Destroy
[0] start time.
[1940000000000000] end time.
[0] start time.
[1940000000000000] end time.
Gtk-Message: 17:16:22.609: Failed to load module "canberra-gtk-module"

GTKWave Analyzer v3.3.103 (w)1999-2019 BSI

[0] start time.
[2700000000000000] end time.
WM Destroy
[0] start time.
[2700000000000000] end time.
[0] start time.
[2700000000000000] end time.
[0] start time.
[2700000000000000] end time.
[0] start time.
[2700000000000000] end time.
[0] start time.
[2700000000000000] end time.
[0] start time.
[2860000000000000] end time.
[0] start time.
[2700000000000000] end time.
[0] start time.
[2900000000000000] end time.
[0] start time.
[2740000000000000] end time.
[0] start time.
[2780000000000000] end time.
[0] start time.
[2780000000000000] end time.
[0] start time.
[2780000000000000] end time.
[0] start time.
[2780000000000000] end time.
[0] start time.
[2780000000000000] end time.
[0] start time.
[2780000000000000] end time.
[0] start time.
[2780000000000000] end time.
[0] start time.
[2780000000000000] end time.
GTKWAVE | Select a bundle or group.
[0] start time.
[2780000000000000] end time.
[0] start time.
[2780000000000000] end time.
[0] start time.
[2780000000000000] end time.
[0] start time.
[2780000000000000] end time.
[0] start time.
[2780000000000000] end time.
[0] start time.
[2780000000000000] end time.
[0] start time.
[2780000000000000] end time.
[0] start time.
[2780000000000000] end time.
[0] start time.
[2780000000000000] end time.
GTKWAVE | Select a bundle or group.
[0] start time.
[2780000000000000] end time.
[0] start time.
[2780000000000000] end time.
[0] start time.
[2780000000000000] end time.
[0] start time.
[2780000000000000] end time.
[0] start time.
[2780000000000000] end time.
[0] start time.
[2780000000000000] end time.
[0] start time.
[139000000000000] end time.
[0] start time.
[139000000000000] end time.
[0] start time.
[139000000000000] end time.
[0] start time.
[139000000000000] end time.
[0] start time.
[139000000000000] end time.
[0] start time.
[139000000000000] end time.
[0] start time.
[139000000000000] end time.
[0] start time.
[139000000000000] end time.
[0] start time.
[139000000000000] end time.
[0] start time.
[139000000000000] end time.
[0] start time.
[139000000000000] end time.
[0] start time.
[139000000000000] end time.
[0] start time.
[139000000000000] end time.
[0] start time.
[139000000000000] end time.
[0] start time.
[139000000000000] end time.
[0] start time.
[139000000000000] end time.
[0] start time.
[139000000000000] end time.
[0] start time.
[139000000000000] end time.
[0] start time.
[139000000000000] end time.
[0] start time.
[139000000000000] end time.
[0] start time.
[139000000000000] end time.
[0] start time.
[139000000000000] end time.
[0] start time.
[139000000000000] end time.
[0] start time.
[139000000000000] end time.
[0] start time.
[139000000000000] end time.
[0] start time.
[139000000000000] end time.
[0] start time.
[139000000000000] end time.
[0] start time.
[139000000000000] end time.
GTKWAVE | Reloading waveform...
GTKWAVE | ...waveform reloaded
GTKWAVE | Reloading waveform...
GTKWAVE | ...waveform reloaded
GTKWAVE | Reloading waveform...
GTKWAVE | ...waveform reloaded
GTKWAVE | Reloading waveform...
GTKWAVE | ...waveform reloaded
GTKWAVE | Reloading waveform...
GTKWAVE | ...waveform reloaded
GTKWAVE | Reloading waveform...
GTKWAVE | ...waveform reloaded
GTKWAVE | Reloading waveform...
GTKWAVE | ...waveform reloaded
GTKWAVE | Reloading waveform...
GTKWAVE | ...waveform reloaded
GTKWAVE | Reloading waveform...
GTKWAVE | ...waveform reloaded
GTKWAVE | Reloading waveform...
GTKWAVE | ...waveform reloaded
GTKWAVE | Reloading waveform...
GTKWAVE | ...waveform reloaded
GTKWAVE | Reloading waveform...
GTKWAVE | ...waveform reloaded
GTKWAVE | Reloading waveform...
GTKWAVE | ...waveform reloaded
GTKWAVE | Reloading waveform...
GTKWAVE | ...waveform reloaded
GTKWAVE | Reloading waveform...
GTKWAVE | ...waveform reloaded
GTKWAVE | Reloading waveform...
GTKWAVE | ...waveform reloaded
GTKWAVE | Reloading waveform...
GTKWAVE | ...waveform reloaded
GTKWAVE | Reloading waveform...
GTKWAVE | ...waveform reloaded
GTKWAVE | Reloading waveform...
GTKWAVE | ...waveform reloaded
GTKWAVE | Reloading waveform...
GTKWAVE | ...waveform reloaded
GTKWAVE | Reloading waveform...
GTKWAVE | ...waveform reloaded
GTKWAVE | Reloading waveform...
GTKWAVE | ...waveform reloaded
GTKWAVE | Reloading waveform...
GTKWAVE | ...waveform reloaded
GTKWAVE | Reloading waveform...
GTKWAVE | ...waveform reloaded
GTKWAVE | Reloading waveform...
GTKWAVE | ...waveform reloaded
GTKWAVE | Reloading waveform...
GTKWAVE | ...waveform reloaded
GTKWAVE | Reloading waveform...
GTKWAVE | ...waveform reloaded
GTKWAVE | Reloading waveform...
GTKWAVE | ...waveform reloaded
GTKWAVE | Reloading waveform...
GTKWAVE | ...waveform reloaded
GTKWAVE | Reloading waveform...
GTKWAVE | ...waveform reloaded
GTKWAVE | Reloading waveform...
GTKWAVE | ...waveform reloaded
GTKWAVE | Reloading waveform...
GTKWAVE | ...waveform reloaded
GTKWAVE | Reloading waveform...
GTKWAVE | ...waveform reloaded
GTKWAVE | Reloading waveform...
GTKWAVE | ...waveform reloaded
GTKWAVE | Reloading waveform...
GTKWAVE | ...waveform reloaded
GTKWAVE | Reloading waveform...
GTKWAVE | ...waveform reloaded
GTKWAVE | Reloading waveform...
GTKWAVE | ...waveform reloaded
GTKWAVE | Reloading waveform...
GTKWAVE | ...waveform reloaded
GTKWAVE | Reloading waveform...
GTKWAVE | ...waveform reloaded
GTKWAVE | Reloading waveform...
GTKWAVE | ...waveform reloaded
GTKWAVE | Reloading waveform...
GTKWAVE | ...waveform reloaded
GTKWAVE | Reloading waveform...
GTKWAVE | ...waveform reloaded
GTKWAVE | Reloading waveform...
GTKWAVE | ...waveform reloaded
GTKWAVE | Reloading waveform...
GTKWAVE | ...waveform reloaded
GTKWAVE | Reloading waveform...
GTKWAVE | ...waveform reloaded
GTKWAVE | Reloading waveform...
GTKWAVE | ...waveform reloaded
GTKWAVE | Reloading waveform...
GTKWAVE | ...waveform reloaded
GTKWAVE | Reloading waveform...
GTKWAVE | ...waveform reloaded
GTKWAVE | Reloading waveform...
GTKWAVE | ...waveform reloaded
GTKWAVE | Reloading waveform...
GTKWAVE | ...waveform reloaded
GTKWAVE | Reloading waveform...
GTKWAVE | ...waveform reloaded
GTKWAVE | Reloading waveform...
GTKWAVE | ...waveform reloaded
GTKWAVE | Reloading waveform...
GTKWAVE | ...waveform reloaded
GTKWAVE | Reloading waveform...
GTKWAVE | ...waveform reloaded
GTKWAVE | Reloading waveform...
GTKWAVE | ...waveform reloaded
GTKWAVE | Reloading waveform...
GTKWAVE | ...waveform reloaded
GTKWAVE | Reloading waveform...
GTKWAVE | ...waveform reloaded
GTKWAVE | Reloading waveform...
GTKWAVE | ...waveform reloaded
GTKWAVE | Reloading waveform...
GTKWAVE | ...waveform reloaded
GTKWAVE | Reloading waveform...
GTKWAVE | ...waveform reloaded
GTKWAVE | Reloading waveform...
GTKWAVE | ...waveform reloaded
GTKWAVE | Reloading waveform...
GTKWAVE | ...waveform reloaded
WM Destroy
